Using pre-set license

 COMMAND LINE ARGUMENTS:
/Applications/Unity/Hub/Editor/2020.2.6f1/Unity.app/Contents/MacOS/Unity
-adb2
-batchMode
-noUpm
-name
AssetImportWorker0
-projectPath
/Users/sbm/Projects/T3D/3D_Tetris
-logFile
Logs/AssetImportWorker0.log
-srvPort
50254
Successfully changed project path to: /Users/sbm/Projects/T3D/3D_Tetris
/Users/sbm/Projects/T3D/3D_Tetris
Using Asset Import Pipeline V2.
Refreshing native plugins compatible for Editor in 58.85 ms, found 1 plugins.
Preloading 0 native plugins for Editor in 0.00 ms.
Initialize engine version: 2020.2.6f1 (8a2143876886)
[Subsystems] Discovering subsystems at path /Applications/Unity/Hub/Editor/2020.2.6f1/Unity.app/Contents/Resources/UnitySubsystems
[Subsystems] Discovering subsystems at path /Users/sbm/Projects/T3D/3D_Tetris/Assets
GfxDevice: creating device client; threaded=0
2021-03-17 22:56:11.236 Unity[29678:1079740] (null) preferred device: Apple M1 (high power)
2021-03-17 22:56:11.236 Unity[29678:1079740] Metal devices available: 1
2021-03-17 22:56:11.236 Unity[29678:1079740] 0: Apple M1 (high power)
2021-03-17 22:56:11.236 Unity[29678:1079740] Using device Apple M1 (high power)
Initializing Metal device caps: Apple M1
Shader 'Universal Render Pipeline/Particles/Lit': fallback shader 'Universal Render Pipeline/Particles/SimpleLit' not found
Initialize mono
Mono path[0] = '/Applications/Unity/Hub/Editor/2020.2.6f1/Unity.app/Contents/Managed'
Mono path[1] = '/Applications/Unity/Hub/Editor/2020.2.6f1/Unity.app/Contents/MonoBleedingEdge/lib/mono/unityjit'
Mono config path = '/Applications/Unity/Hub/Editor/2020.2.6f1/Unity.app/Contents/MonoBleedingEdge/etc'
Using monoOptions --debugger-agent=transport=dt_socket,embedding=1,server=y,suspend=n,address=127.0.0.1:56678
Begin MonoManager ReloadAssembly
Registering precompiled unity dll's ...
Register platform support module: /Applications/Unity/Hub/Editor/2020.2.6f1/Unity.app/Contents/PlaybackEngines/MacStandaloneSupport/UnityEditor.OSXStandalone.Extensions.dll
Register platform support module: /Applications/Unity/Hub/Editor/2020.2.6f1/PlaybackEngines/WindowsStandaloneSupport/UnityEditor.WindowsStandalone.Extensions.dll
Registered in 0.000487 seconds.
Native extension for WindowsStandalone target not found
Native extension for OSXStandalone target not found
Refreshing native plugins compatible for Editor in 53.97 ms, found 1 plugins.
Preloading 0 native plugins for Editor in 0.00 ms.
Invoked RoslynAnalysisRunner static constructor.
RoslynAnalysisRunner will not be running.
RoslynAnalysisRunner has terminated.
Mono: successfully reloaded assembly
- Completed reload, in  2.475 seconds
Platform modules already initialized, skipping
Registering precompiled user dll's ...
Registered in 0.001998 seconds.
Begin MonoManager ReloadAssembly
Native extension for WindowsStandalone target not found
Native extension for OSXStandalone target not found
Refreshing native plugins compatible for Editor in 52.92 ms, found 1 plugins.
Preloading 0 native plugins for Editor in 0.00 ms.
Invoked RoslynAnalysisRunner static constructor.
RoslynAnalysisRunner will not be running.
RoslynAnalysisRunner has terminated.
Mono: successfully reloaded assembly
- Completed reload, in  1.816 seconds
Platform modules already initialized, skipping
========================================================================
Worker process is ready to serve import requests
Shader 'Universal Render Pipeline/Particles/Lit': fallback shader 'Universal Render Pipeline/Particles/SimpleLit' not found
Launching external process: /Applications/Unity/Hub/Editor/2020.2.6f1/Unity.app/Contents/Tools/UnityShaderCompiler
Launched and connected shader compiler UnityShaderCompiler after 0.03 seconds
Refreshing native plugins compatible for Editor in 0.56 ms, found 1 plugins.
Preloading 0 native plugins for Editor in 0.00 ms.
Unloading 3077 Unused Serialized files (Serialized files now loaded: 0)
System memory in use before: 236.2 MB.
System memory in use after: 236.4 MB.

Unloading 42 unused Assets to reduce memory usage. Loaded Objects now: 3527.
Total: 1.786167 ms (FindLiveObjects: 0.219375 ms CreateObjectMapping: 0.074709 ms MarkObjects: 1.453666 ms  DeleteObjects: 0.037625 ms)

========================================================================
Received Import Request.
  path: Assets/ForwardRenderer.asset
  artifactKey: Guid(47aebcb44495a3a44a95e5893425db8c) Importer(815301076,1909f56bfc062723c751e8b465ee728b)
Start importing Assets/ForwardRenderer.asset using Guid(47aebcb44495a3a44a95e5893425db8c) Importer(815301076,1909f56bfc062723c751e8b465ee728b)  -> (artifact id: '7c90ac483bf53c7942111f9a493cfa8c') in 0.496953 seconds
  Import took 0.501239 seconds .

========================================================================
Received Import Request.
  Time since last request: 14.288948 seconds.
  path: Assets/Toggle_StartPause.prefab
  artifactKey: Guid(96dca6ece411935489aec91ce2a8efd5) Importer(815301076,1909f56bfc062723c751e8b465ee728b)
Start importing Assets/Toggle_StartPause.prefab using Guid(96dca6ece411935489aec91ce2a8efd5) Importer(815301076,1909f56bfc062723c751e8b465ee728b)  -> (artifact id: 'ebb8d49e00207112566db40bc853ce38') in 0.231653 seconds
  Import took 0.237376 seconds .

========================================================================
Received Prepare
Shader 'Universal Render Pipeline/Particles/Lit': fallback shader 'Universal Render Pipeline/Particles/SimpleLit' not found
Refreshing native plugins compatible for Editor in 3.18 ms, found 1 plugins.
Preloading 0 native plugins for Editor in 0.00 ms.
Unloading 32 Unused Serialized files (Serialized files now loaded: 0)
System memory in use before: 179.2 MB.
System memory in use after: 179.5 MB.

Unloading 32 unused Assets to reduce memory usage. Loaded Objects now: 3527.
Total: 2.848208 ms (FindLiveObjects: 0.250792 ms CreateObjectMapping: 0.068583 ms MarkObjects: 2.503916 ms  DeleteObjects: 0.024167 ms)

========================================================================
Received Import Request.
  Time since last request: 60.200463 seconds.
  path: Assets/3Dmodel/1_lvl.fbx
  artifactKey: Guid(8509436bcac1f40dcaa5f52e96afc6db) Importer(815301076,1909f56bfc062723c751e8b465ee728b)
Start importing Assets/3Dmodel/1_lvl.fbx using Guid(8509436bcac1f40dcaa5f52e96afc6db) Importer(815301076,1909f56bfc062723c751e8b465ee728b)  -> (artifact id: '1bf2becd85fdb67742ba23f24509f287') in 0.977512 seconds
  Import took 0.982177 seconds .

========================================================================
Received Import Request.
  Time since last request: 9.908288 seconds.
  path: Assets/3Dmodel/1_lvl.fbx
  artifactKey: Guid(8509436bcac1f40dcaa5f52e96afc6db) Importer(815301076,1909f56bfc062723c751e8b465ee728b)
Start importing Assets/3Dmodel/1_lvl.fbx using Guid(8509436bcac1f40dcaa5f52e96afc6db) Importer(815301076,1909f56bfc062723c751e8b465ee728b)  -> (artifact id: '630823266aaf57f4bf212ca43705911e') in 0.206246 seconds
  Import took 0.210746 seconds .

========================================================================
Received Import Request.
  Time since last request: 18.211863 seconds.
  path: Assets/3Dmodel/1_lvl.fbx
  artifactKey: Guid(8509436bcac1f40dcaa5f52e96afc6db) Importer(815301076,1909f56bfc062723c751e8b465ee728b)
Start importing Assets/3Dmodel/1_lvl.fbx using Guid(8509436bcac1f40dcaa5f52e96afc6db) Importer(815301076,1909f56bfc062723c751e8b465ee728b)  -> (artifact id: 'adc8fb15e857fd3e095dbd7dd4bfd5f0') in 0.216051 seconds
  Import took 0.220521 seconds .

========================================================================
Received Import Request.
  Time since last request: 738.713875 seconds.
  path: Assets/3Dmodel/1_lvl-2.fbx
  artifactKey: Guid(b8e33b0b40b9146538957e111aa9960c) Importer(815301076,1909f56bfc062723c751e8b465ee728b)
Start importing Assets/3Dmodel/1_lvl-2.fbx using Guid(b8e33b0b40b9146538957e111aa9960c) Importer(815301076,1909f56bfc062723c751e8b465ee728b)  -> (artifact id: '14b536cd9dec585a5dded9ab18a6c1fc') in 0.189616 seconds
  Import took 0.194521 seconds .

========================================================================
Received Import Request.
  Time since last request: 3.543935 seconds.
  path: Assets/3Dmodel/1_lvl-2.fbx
  artifactKey: Guid(b8e33b0b40b9146538957e111aa9960c) Importer(815301076,1909f56bfc062723c751e8b465ee728b)
Start importing Assets/3Dmodel/1_lvl-2.fbx using Guid(b8e33b0b40b9146538957e111aa9960c) Importer(815301076,1909f56bfc062723c751e8b465ee728b)  -> (artifact id: 'e52ad1c5c81d2cce7140c1c2addee95d') in 0.206280 seconds
  Import took 0.210858 seconds .

========================================================================
Received Prepare
Shader 'Universal Render Pipeline/Particles/Lit': fallback shader 'Universal Render Pipeline/Particles/SimpleLit' not found
Refreshing native plugins compatible for Editor in 6.92 ms, found 1 plugins.
Preloading 0 native plugins for Editor in 0.00 ms.
Unloading 32 Unused Serialized files (Serialized files now loaded: 0)
System memory in use before: 195.9 MB.
System memory in use after: 196.1 MB.

Unloading 32 unused Assets to reduce memory usage. Loaded Objects now: 3636.
Total: 2.336334 ms (FindLiveObjects: 0.260084 ms CreateObjectMapping: 0.066875 ms MarkObjects: 1.989875 ms  DeleteObjects: 0.018584 ms)

AssetImportWorkerClient::OnTransportError - code=2 error=End of file
